<?xml version="1.0" encoding="UTF-8"?>
<testng-results ignored="0" total="1" passed="1" failed="0" skipped="0">
  <reporter-output>
  </reporter-output>
  <suite started-at="2025-08-20T21:51:40 IST" name="Default suite" finished-at="2025-08-20T21:51:51 IST" duration-ms="10755">
    <groups>
    </groups>
    <test started-at="2025-08-20T21:51:40 IST" name="Default test" finished-at="2025-08-20T21:51:51 IST" duration-ms="10755">
      <class name="com.wipro.DataDriven.TestNG_Excel_WriteData">
        <test-method signature="login()[pri:0, instance:com.wipro.DataDriven.TestNG_Excel_WriteData@7ef82753]" started-at="2025-08-20T21:51:40 IST" name="login" finished-at="2025-08-20T21:51:51 IST" duration-ms="10708" status="PASS">
          <reporter-output>
          </reporter-output>
        </test-method> <!-- login -->
      </class> <!-- com.wipro.DataDriven.TestNG_Excel_WriteData -->
    </test> <!-- Default test -->
  </suite> <!-- Default suite -->
</testng-results>
