<?xml version="1.0" encoding="UTF-8"?>
<testng-results ignored="0" total="1" passed="1" failed="0" skipped="0">
  <reporter-output>
  </reporter-output>
  <suite started-at="2025-08-23T11:59:10 IST" name="MyTestSuite" finished-at="2025-08-23T11:59:49 IST" duration-ms="39131">
    <groups>
      <group name="Smoke">
        <method signature="TestNG_AddProducts.addcart()[pri:1, instance:com.wipro.LabSession_Aug18.TestNG_AddProducts@65c7a252]" name="addcart" class="com.wipro.LabSession_Aug18.TestNG_AddProducts"/>
      </group> <!-- Smoke -->
    </groups>
    <test started-at="2025-08-23T11:59:10 IST" name="Test1" finished-at="2025-08-23T11:59:49 IST" duration-ms="39131">
      <class name="com.wipro.LabSession_Aug18.TestNG_AddProducts">
        <test-method signature="addcart()[pri:1, instance:com.wipro.LabSession_Aug18.TestNG_AddProducts@65c7a252]" started-at="2025-08-23T11:59:10 IST" name="addcart" finished-at="2025-08-23T11:59:49 IST" duration-ms="39080" status="PASS">
          <reporter-output>
          </reporter-output>
        </test-method> <!-- addcart -->
      </class> <!-- com.wipro.LabSession_Aug18.TestNG_AddProducts -->
    </test> <!-- Test1 -->
  </suite> <!-- MyTestSuite -->
</testng-results>
